 nr.     times     cpu time      cpu    wall clock      wc  level                          routine name
        called    in seconds      %     in seconds       %    2    3    4    5    6    7
    1          1  0.531250D+00  100.00  0.546000D+00  100.00                               integration_schemes                     
    2          1  0.000000D+00    0.00  0.300002D-02         0.55                          initialize_all_conditions               
    3          1  0.000000D+00    0.00  0.000000D+00              0.00                     initialize_fixed_conditions             
    4          1  0.000000D+00    0.00  0.000000D+00              0.00                     initialize_variables                    
    5          1  0.000000D+00    0.00  0.000000D+00              0.00                     initialize_output                       
    6          1  0.000000D+00    0.00  0.000000D+00              0.00                     chknmr                                  
    7          1  0.000000D+00    0.00  0.999928D-03              0.18                     initialize_time_dependent_variables     
    8          8  0.000000D+00    0.00  0.000000D+00                   0.00                dlwqt1                                  
    9          3  0.000000D+00    0.00  0.000000D+00                        0.00           dlwqt3                                  
   10          3  0.000000D+00    0.00  0.000000D+00                        0.00           dlwqt4                                  
   11          1  0.000000D+00    0.00  0.000000D+00                        0.00           dlwqib                                  
   12          1  0.000000D+00    0.00  0.000000D+00                        0.00           dlwqtb                                  
   13          8  0.000000D+00    0.00  0.000000D+00                             0.00      dlwmis                                  
   14          1  0.000000D+00    0.00  0.000000D+00                   0.00                dlwqta                                  
   15          1  0.000000D+00    0.00  0.000000D+00                        0.00           evaluate_data_block                     
   16          1  0.000000D+00    0.00  0.000000D+00                   0.00                dlwqtk                                  
   17          1  0.000000D+00    0.00  0.000000D+00              0.00                     delpar00                                
   18          1  0.000000D+00    0.00  0.999928D-03         0.18                          dlwqf5                                  
   19          1  0.531250D+00  100.00  0.541000D+00        99.08                          integration_scheme_15                   
   20        366  0.000000D+00    0.00  0.000000D+00              0.00                     hsurf                                   
   21        366  0.000000D+00    0.00  0.000000D+00              0.00                     set_dry_cells_to_zero_and_update_volumes
   22        366  0.000000D+00    0.00  0.000000D+00              0.00                     setset                                  
   23        366  0.000000D+00    0.00  0.000000D+00              0.00                     proces                                  
   24        366  0.000000D+00    0.00  0.000000D+00              0.00                     dlwq17                                  
   25        366  0.281250D+00   52.94  0.294001D+00             53.85                     write_output                            
   26       4392  0.000000D+00    0.00  0.300026D-02                   0.55                evaluate_timers                         
   27       2564  0.000000D+00    0.00  0.400019D-02                   0.73                update_base_grid_local_array            
   28       1465  0.000000D+00    0.00  0.000000D+00                   0.00                fill_output_buffer_sub_grid             
   29        366  0.781250D-01   14.71  0.610001D-01                  11.17                outmo3                                  
   30        732  0.000000D+00    0.00  0.400019D-02                        0.73           outmo2                                  
   31       1099  0.000000D+00    0.00  0.000000D+00                   0.00                fill_output_buffer_base_grid            
   32        366  0.156250D-01    2.94  0.299978D-02                   0.55                write_binary_map_output                 
   33        366  0.000000D+00    0.00  0.000000D+00                   0.00                write_netcdf_history_output             
   34        366  0.187500D+00   35.29  0.217001D+00                  39.74                write_netcdf_map_output                 
   35        366  0.000000D+00    0.00  0.999928D-03              0.18                     zercum                                  
   36        365  0.000000D+00    0.00  0.999928D-03              0.18                     dlwq18                                  
   37        365  0.000000D+00    0.00  0.000000D+00              0.00                     dlwq14                                  
   38        365  0.156250D-01    2.94  0.299978D-02              0.55                     dlwq41                                  
   39        365  0.156250D-01    2.94  0.299978D-02                   0.55                dlwqt1                                  
   40        365  0.000000D+00    0.00  0.999928D-03                        0.18           dlwqt3                                  
   41        365  0.156250D-01    2.94  0.199986D-02                        0.37           dlwqt4                                  
   42        365  0.000000D+00    0.00  0.199986D-02              0.37                     identify_wet_cells                      
   43        365  0.000000D+00    0.00  0.999928D-03              0.18                     dlwqf1                                  
   44        365  0.000000D+00    0.00  0.000000D+00              0.00                     dlwq15                                  
   45        365  0.000000D+00    0.00  0.200009D-02              0.37                     dlwqm7                                  
   46        365  0.203125D+00   38.24  0.219000D+00             40.11                     ADE solver                              
   47       4380  0.000000D+00    0.00  0.999928D-03                   0.18                dlwqm0                                  
   48       4380  0.000000D+00    0.00  0.300026D-02                   0.55                dlwqf3                                  
   49       4380  0.000000D+00    0.00  0.000000D+00                   0.00                dlwqf4                                  
   50       4380  0.187500D+00   35.29  0.202999D+00                  37.18                sgmres                                  
   51      12410  0.000000D+00    0.00  0.170004D-01                        3.11           matvec                                  
   52      12775  0.468750D-01    8.82  0.430012D-01                        7.88           psolve                                  
   53      12775  0.156250D-01    2.94  0.150011D-01                             2.75      lsolve                                  
   54      12775  0.000000D+00    0.00  0.100002D-01                             1.83      usolve                                  
   55       4015  0.000000D+00    0.00  0.499988D-02                        0.92           basis                                   
   56       4015  0.000000D+00    0.00  0.299978D-02                        0.55           srotg                                   
   57       8030  0.156250D-01    2.94  0.500011D-02                        0.92           apply_plane_rotation                    
   58       4015  0.937500D-01   17.65  0.959990D-01                       17.58           updats                                  
   59       4015  0.468750D-01    8.82  0.499997D-01                             9.16      strsv                                   
   60      40150  0.156250D-01    2.94  0.360003D-01                                  6.59 lsame                                   
   61       4015  0.312500D-01    5.88  0.369999D-01                             6.78      sgemv                                   
   62      20075  0.156250D-01    2.94  0.219998D-01                                  4.03 lsame                                   
   63       4380  0.156250D-01    2.94  0.300026D-02                   0.55                dlwqf7                                  
   64        365  0.000000D+00    0.00  0.999928D-03              0.18                     dlwqb4                                  
   65        365  0.156250D-01    2.94  0.799990D-02              1.47                     initialize_time_dependent_variables     
   66       1095  0.156250D-01    2.94  0.799990D-02                   1.47                dlwqt1                                  
   67        730  0.000000D+00    0.00  0.000000D+00                        0.00           dlwqt3                                  
   68        730  0.000000D+00    0.00  0.199986D-02                        0.37           dlwqt4                                  
   69        365  0.156250D-01    2.94  0.600004D-02                        1.10           dlwqtb                                  
   70       2920  0.000000D+00    0.00  0.499988D-02                             0.92      dlwmis                                  
   71        365  0.000000D+00    0.00  0.000000D+00                   0.00                dlwqta                                  
   72        365  0.000000D+00    0.00  0.000000D+00                   0.00                dlwqtk                                  
   73          1  0.000000D+00    0.00  0.000000D+00              0.00                     write_restart_map_file                  
