 Deltares, DELWAQ Version 7.0-c157fbb752a7c3b24c15c95e665b274b10b07d7b, Jul 18 2024, 20:02:39
 Execution start: 2025/09/09 16:22:34 
       ----------> Version number of the input file is:  4.910
       ----------> Output level of the listfile is: 9


 Model :            Water quality calculation               
                                                            


 Run   :                                                    
                    T0: 2020.01.01 00:00:00  (scu=       1s)

 Intermediate version absolute timer detected !
 System clock is     1 seconds !

 Number of active constituents   : 12
 Number of inactive constituents :  0
 Total number of constituents    : 12
 Number   name
    1     Bar                 
    2     Cl                  
    3     Continuity          
    4     Drainage            
    5     FlowBoundary        
    6     Foo                 
    7     Initial             
    8     LevelBoundary       
    9     Precipitation       
   10     Terminal            
   11     Tracer              
   12     UserDemand          

 *********************************************************** B L O C K - 1 *****



 Factor between two clocks :           1
  System clock in date-format  DDHHMMSS 
  Auxiliary timer in date-format DDHHMMSS 

 Integration option :               15.70
 Start of simulation : 0Y-  0D- 0H- 0M- 0S
 End of simulation   : 1Y-  0D- 0H- 0M- 0S
 Selected option for time step size :  0
  Integration time stepsize is : 0Y-  1D- 0H- 0M- 0S

 Dump areas:
 option selected for input :    1

 Number of dump areas :    0

 Transects:
 option selected for input : 2
 No transects used.


 Monitoring  timings :
 Start time : 0Y-  0D- 0H- 0M- 0S 
 Stop time  : 1Y-  0D- 0H- 0M- 0S 
 Time step  : 0Y-  1D- 0H- 0M- 0S 


 Output      timings :
 Start time : 0Y-  0D- 0H- 0M- 0S 
 Stop time  : 1Y-  0D- 0H- 0M- 0S 
 Time step  : 0Y-  1D- 0H- 0M- 0S 


 History     timings :
 Start time : 0Y-  0D- 0H- 0M- 0S 
 Stop time  : 1Y-  0D- 0H- 0M- 0S 
 Time step  : 0Y-  1D- 0H- 0M- 0S 

 *********************************************************** B L O C K - 2 *****


 Found UGRID keyword

 File containing the mesh(es): ribasim.nc

 NetCDF version: 4.6.1 of Mar 16 2018 14:16:08 $

 Mesh used for Delwaq 1D output: ribasim


 Number of segments :              4

 NO process decomposition selected

 option selected for grid layout : 2
 Grid layout not used.

 Including file: ribasim.atr                                                                                                                                                                                                                                                                                                                                                                                                                                                                                                                                                                                                                                                                                                                                                                                                                                                                                                                                                                                                                             

  2 blocks of time independent attribute contribution

  1 attributes in this block

 Selected file option is   1
 Information from the standard input file.

 second selected option  1

 constant values without defaults
        segment   value 
            1 000000001
            2 000000001
            3 000000001
            4 000000001

 Pointer of contribution      1 mapped to attribute     1

  1 attributes in this block

 Selected file option is   1
 Information from the standard input file.

 second selected option  1

 constant values without defaults
        segment   value 
            1 000000000
            2 000000000
            3 000000000
            4 000000000

 Pointer of contribution      1 mapped to attribute     2

 option for time dependent attributes   0
 NO time dependent attributes

 Volumes:

 Closing file: ribasim.atr                                                                   

 Continuing on file: delwaq.inp                                                                    

 First  selected option   :      -2

 Information from unformatted intermediate file.
 Filename is: ribasim.vol                                                                                                                                                                                                                                                    

 *********************************************************** B L O C K - 3 *****



 Dimensions of the system :
 Number of exchanges 1st direction :      21
 Number of exchanges 2nd direction :       0
 Number of exchanges 3rd direction :       0
 Total number of exchanges         :      21

 Number of dispersion arrays       :       0

 Number of velocity arrays         :       0

 Input option                      :       1

 Option selected for pointers      :       0

 Information from unformatted intermediate file.
 Filename is: ribasim.poi                                                                                                                                                                                                                                                    

 Number of boundaries  :      17


 boundary  exchange    from        to
  number    number    segment    segment
      8         2         1        -8
      2         3         2        -2
     11         6         2       -11
      4         7        -4         1
      3         8        -3         3
      1         9        -1         2
      5        10         4        -5
     14        11         4       -14
     17        13         3       -17
      6        14        -6         1
      7        15        -7         1
      9        16        -9         2
     10        17       -10         2
     12        18       -12         4
     13        19       -13         4
     15        20       -15         3
     16        21       -16         3

 Size of the big matrix for fast solvers is:         25

 Dispersion:

 First  selected option   :       1
 Information from the standard input file.
 Constant values without defaults 

 Scale factors:
                 1           2           3
              1.0000E+00  1.0000E+00  1.0000E+00
 Unscaled values:
         1    0.0000E+00  0.0000E+00  0.0000E+00

 Area:

 First  selected option   :      -2

 Information from unformatted intermediate file.
 Filename is: ribasim.are                                                                                                                                                                                                                                                    

 Flows:

 First  selected option   :      -2

 Information from unformatted intermediate file.
 Filename is: ribasim.flo                                                                                                                                                                                                                                                    

 Lengths:
 Option for lengths          :      0
 Lengths constant per direction all over the area.
 Constant values without defaults 

 Scale factors:
                 1
              1.0000E+00
 Unscaled values:
         1    1.0000E+00  1.0000E+00  1.0000E+00

 *********************************************************** B L O C K - 4 *****


 Boundary-IDs:       boundary-names:                         boundary-types:


 Including file: ribasim_bndlist.inc                                                                                                                                                                                                                                                                                                                                                                                                                                                                                                                                                                                                                                                                                                                                                                                                                                                                                                                                                                                                                     
LevelBoun_11        Boundary name       1                   LevelBoundary       
Terminal_14         Boundary name       2                   Terminal            
FlowBound_15        Boundary name       3                   FlowBoundary        
FlowBound_16        Boundary name       4                   FlowBoundary        
LevelBoun_17        Boundary name       5                   LevelBoundary       
Drainage_1          Boundary name       6                   Drainage            
Precipita_1         Boundary name       7                   Precipitation       
Evaporati_1         Boundary name       8                   Evaporation         
Drainage_3          Boundary name       9                   Drainage            
Precipita_3         Boundary name      10                   Precipitation       
Evaporati_3         Boundary name      11                   Evaporation         
Drainage_9          Boundary name      12                   Drainage            
Precipita_9         Boundary name      13                   Precipitation       
Evaporati_9         Boundary name      14                   Evaporation         
Drainage_6          Boundary name      15                   Drainage            
Precipita_6         Boundary name      16                   Precipitation       
Evaporati_6         Boundary name      17                   Evaporation         
 
 Number of different boundary types:    6
 Type:  Type-string
     1  LevelBoundary       
     2  Terminal            
     3  FlowBoundary        
     4  Drainage            
     5  Precipitation       
     6  Evaporation         
 

 Closing file: ribasim_bndlist.inc                                                           

 Continuing on file: delwaq.inp                                                                    

 Time lag option:  0
 No time lags

 Boundary concentrations

 Including file: B5_bounddata.inc                                                                                                                                                                                                                                                                                                                                                                                                                                                                                                                                                                                                                                                                                                                                                                                                                                                                                                                                                                                                                        

 BLOCKED per ITEM:
 Input BOUNDARIES nr:    1 is BOUNDARIES nr:    1 with type: LevelBoundary       

 CONCENTRATIONs within the item blocks:
 Input CONCENTR.  nr:    1 is CONCENTR.  nr:    3 with ID  : Continuity          
 Input CONCENTR.  nr:    2 is CONCENTR.  nr:    8 with ID  : LevelBoundary       

 DATA grouped in         1 blocks of         2 Substance 
 Constant values in this block.
 Substance                    3           8
 boundary     Continuity  LevelBound  
         1    1.0000E+00  1.0000E+00

 ====> input item completed <==== 



 BLOCKED per ITEM:
 Input BOUNDARIES nr:    1 is BOUNDARIES nr:    2 with type: Terminal            

 CONCENTRATIONs within the item blocks:
 Input CONCENTR.  nr:    1 is CONCENTR.  nr:   10 with ID  : Terminal            
 Input CONCENTR.  nr:    2 is CONCENTR.  nr:    3 with ID  : Continuity          

 DATA grouped in         1 blocks of         2 Substance 
 Constant values in this block.
 Substance                   10           3
 boundary     Terminal    Continuity  
         2    1.0000E+00  1.0000E+00

 ====> input item completed <==== 



 BLOCKED per ITEM:
 Input BOUNDARIES nr:    1 is BOUNDARIES nr:    3 with type: FlowBoundary        

 CONCENTRATIONs within the item blocks:
 Input CONCENTR.  nr:    1 is CONCENTR.  nr:    3 with ID  : Continuity          
 Input CONCENTR.  nr:    2 is CONCENTR.  nr:    5 with ID  : FlowBoundary        

 DATA grouped in         1 blocks of         2 Substance 
 Constant values in this block.
 Substance                    3           5
 boundary     Continuity  FlowBounda  
         3    1.0000E+00  1.0000E+00

 ====> input item completed <==== 



 BLOCKED per ITEM:
 Input BOUNDARIES nr:    1 is BOUNDARIES nr:    4 with type: Drainage            

 CONCENTRATIONs within the item blocks:
 Input CONCENTR.  nr:    1 is CONCENTR.  nr:    3 with ID  : Continuity          
 Input CONCENTR.  nr:    2 is CONCENTR.  nr:    4 with ID  : Drainage            

 DATA grouped in         1 blocks of         2 Substance 
 Constant values in this block.
 Substance                    3           4
 boundary     Continuity  Drainage    
         4    1.0000E+00  1.0000E+00

 ====> input item completed <==== 



 BLOCKED per ITEM:
 Input BOUNDARIES nr:    1 is BOUNDARIES nr:    5 with type: Precipitation       

 CONCENTRATIONs within the item blocks:
 Input CONCENTR.  nr:    1 is CONCENTR.  nr:    3 with ID  : Continuity          
 Input CONCENTR.  nr:    2 is CONCENTR.  nr:    9 with ID  : Precipitation       

 DATA grouped in         1 blocks of         2 Substance 
 Constant values in this block.
 Substance                    3           9
 boundary     Continuity  Precipitat  
         5    1.0000E+00  1.0000E+00

 ====> input item completed <==== 



 BLOCKED per ITEM:
 WARNING: Input BOUNDARIES nr:    1 with name: UserDemand           is not a valid ID, data ignored

 CONCENTRATIONs within the item blocks:
 Input CONCENTR.  nr:    1 is CONCENTR.  nr:    3 with ID  : Continuity          
 Input CONCENTR.  nr:    2 is CONCENTR.  nr:   12 with ID  : UserDemand          

 DATA grouped in         1 blocks of         2 Substance 
 Constant values in this block.
 Substance                    3          12
 boundary     Continuity  UserDemand  
1300000000    1.0000E+00  1.0000E+00

 ====> input item completed <==== 



 BLOCKED per ITEM:
 Input BOUNDARIES nr:    1 is BOUNDARIES nr:    1 with ID  : LevelBoun_11        

 CONCENTRATIONs within the item blocks:
 Input CONCENTR.  nr:    1 is CONCENTR.  nr:    2 with ID  : Cl                  
 Input CONCENTR.  nr:    2 is CONCENTR.  nr:    6 with ID  : Foo                 
 Absolute times (YYYY/MM/DD;HH:MM:SS) expected in next time function block.

 Linear interpolation is selected !
 
 Column:  1 contains: Cl                                       Status: used    
 Column:  2 contains: Foo                                      Status: used    

 WARNING ! There are only  1 breakpoints found for this time series

 DATA grouped in         1 blocks of         2 Substance 
 Constant values in this block.
 Substance                    2           6
 boundary     Cl          Foo         
         1    3.4000E+01  1.0000E+00

 ====> input item completed <==== 



 BLOCKED per ITEM:
 Input BOUNDARIES nr:    1 is BOUNDARIES nr:    5 with ID  : LevelBoun_17        

 CONCENTRATIONs within the item blocks:
 Input CONCENTR.  nr:    1 is CONCENTR.  nr:    2 with ID  : Cl                  
 Absolute times (YYYY/MM/DD;HH:MM:SS) expected in next time function block.

 Linear interpolation is selected !
 
 Column:  1 contains: Cl                                       Status: used    

 WARNING ! There are only  1 breakpoints found for this time series

 DATA grouped in         1 blocks of         1 Substance 
 Constant values in this block.
 Substance                    2
 boundary     Cl          
         5    3.4000E+01

 ====> input item completed <==== 



 BLOCKED per ITEM:
 Input BOUNDARIES nr:    1 is BOUNDARIES nr:    3 with ID  : FlowBound_15        

 CONCENTRATIONs within the item blocks:
 Input CONCENTR.  nr:    1 is CONCENTR.  nr:    1 with ID  : Bar                 
 Input CONCENTR.  nr:    2 is CONCENTR.  nr:    2 with ID  : Cl                  
 Input CONCENTR.  nr:    3 is CONCENTR.  nr:   11 with ID  : Tracer              
 Absolute times (YYYY/MM/DD;HH:MM:SS) expected in next time function block.

 Linear interpolation is selected !
 
 Column:  1 contains: Bar                                      Status: used    
 Column:  2 contains: Cl                                       Status: used    
 Column:  3 contains: Tracer                                   Status: used    

 WARNING ! There are only  1 breakpoints found for this time series

 DATA grouped in         1 blocks of         3 Substance 
 Constant values in this block.
 Substance                    1           2          11
 boundary     Bar         Cl          Tracer      
         3    1.0000E+00  0.0000E+00  1.0000E+00

 ====> input item completed <==== 



 BLOCKED per ITEM:
 Input BOUNDARIES nr:    1 is BOUNDARIES nr:    4 with ID  : FlowBound_16        

 CONCENTRATIONs within the item blocks:
 Input CONCENTR.  nr:    1 is CONCENTR.  nr:    2 with ID  : Cl                  
 Input CONCENTR.  nr:    2 is CONCENTR.  nr:   11 with ID  : Tracer              
 Absolute times (YYYY/MM/DD;HH:MM:SS) expected in next time function block.

 Linear interpolation is selected !
 
 Column:  1 contains: Cl                                       Status: used    
 Column:  2 contains: Tracer                                   Status: used    

 WARNING ! There are only  1 breakpoints found for this time series

 DATA grouped in         1 blocks of         2 Substance 
 Constant values in this block.
 Substance                    2          11
 boundary     Cl          Tracer      
         4    0.0000E+00  1.0000E+00

 ====> input item completed <==== 



 BLOCKED per ITEM:
 Input BOUNDARIES nr:    1 is BOUNDARIES nr:    6 with ID  : Drainage_1          

 CONCENTRATIONs within the item blocks:
 Input CONCENTR.  nr:    1 is CONCENTR.  nr:    2 with ID  : Cl                  
 Input CONCENTR.  nr:    2 is CONCENTR.  nr:   11 with ID  : Tracer              
 Absolute times (YYYY/MM/DD;HH:MM:SS) expected in next time function block.

 Linear interpolation is selected !
 
 Column:  1 contains: Cl                                       Status: used    
 Column:  2 contains: Tracer                                   Status: used    

 DATA grouped in         1 blocks of         2 Substance 

 Number of breakpoints with full data:    2
 breakpoint       1 :         0
 Substance                    2          11
 boundary     Cl          Tracer      
         6    0.0000E+00  1.0000E+00
 breakpoint       2 :     86400
 Substance                    2          11
 boundary     Cl          Tracer      
         6    1.0000E+00 -9.9900E+02

 ====> input item completed <==== 



 BLOCKED per ITEM:
 Input BOUNDARIES nr:    1 is BOUNDARIES nr:    7 with ID  : Precipita_1         

 CONCENTRATIONs within the item blocks:
 Input CONCENTR.  nr:    1 is CONCENTR.  nr:    2 with ID  : Cl                  
 Input CONCENTR.  nr:    2 is CONCENTR.  nr:   11 with ID  : Tracer              
 Absolute times (YYYY/MM/DD;HH:MM:SS) expected in next time function block.

 Linear interpolation is selected !
 
 Column:  1 contains: Cl                                       Status: used    
 Column:  2 contains: Tracer                                   Status: used    

 DATA grouped in         1 blocks of         2 Substance 

 Number of breakpoints with full data:    2
 breakpoint       1 :         0
 Substance                    2          11
 boundary     Cl          Tracer      
         7    0.0000E+00  1.0000E+00
 breakpoint       2 :     86400
 Substance                    2          11
 boundary     Cl          Tracer      
         7    1.0000E+00 -9.9900E+02

 ====> input item completed <==== 



 BLOCKED per ITEM:
 Input BOUNDARIES nr:    1 is BOUNDARIES nr:    9 with ID  : Drainage_3          

 CONCENTRATIONs within the item blocks:
 Input CONCENTR.  nr:    1 is CONCENTR.  nr:    2 with ID  : Cl                  
 Input CONCENTR.  nr:    2 is CONCENTR.  nr:   11 with ID  : Tracer              
 Absolute times (YYYY/MM/DD;HH:MM:SS) expected in next time function block.

 Linear interpolation is selected !
 
 Column:  1 contains: Cl                                       Status: used    
 Column:  2 contains: Tracer                                   Status: used    

 DATA grouped in         1 blocks of         2 Substance 

 Number of breakpoints with full data:    2
 breakpoint       1 :         0
 Substance                    2          11
 boundary     Cl          Tracer      
         9    0.0000E+00  1.0000E+00
 breakpoint       2 :     86400
 Substance                    2          11
 boundary     Cl          Tracer      
         9    1.0000E+00 -9.9900E+02

 ====> input item completed <==== 



 BLOCKED per ITEM:
 Input BOUNDARIES nr:    1 is BOUNDARIES nr:   10 with ID  : Precipita_3         

 CONCENTRATIONs within the item blocks:
 Input CONCENTR.  nr:    1 is CONCENTR.  nr:    2 with ID  : Cl                  
 Input CONCENTR.  nr:    2 is CONCENTR.  nr:   11 with ID  : Tracer              
 Absolute times (YYYY/MM/DD;HH:MM:SS) expected in next time function block.

 Linear interpolation is selected !
 
 Column:  1 contains: Cl                                       Status: used    
 Column:  2 contains: Tracer                                   Status: used    

 DATA grouped in         1 blocks of         2 Substance 

 Number of breakpoints with full data:    2
 breakpoint       1 :         0
 Substance                    2          11
 boundary     Cl          Tracer      
        10    0.0000E+00  1.0000E+00
 breakpoint       2 :     86400
 Substance                    2          11
 boundary     Cl          Tracer      
        10    1.0000E+00 -9.9900E+02

 ====> input item completed <==== 



 BLOCKED per ITEM:
 Input BOUNDARIES nr:    1 is BOUNDARIES nr:   15 with ID  : Drainage_6          

 CONCENTRATIONs within the item blocks:
 Input CONCENTR.  nr:    1 is CONCENTR.  nr:    2 with ID  : Cl                  
 Input CONCENTR.  nr:    2 is CONCENTR.  nr:   11 with ID  : Tracer              
 Absolute times (YYYY/MM/DD;HH:MM:SS) expected in next time function block.

 Linear interpolation is selected !
 
 Column:  1 contains: Cl                                       Status: used    
 Column:  2 contains: Tracer                                   Status: used    

 DATA grouped in         1 blocks of         2 Substance 

 Number of breakpoints with full data:    2
 breakpoint       1 :         0
 Substance                    2          11
 boundary     Cl          Tracer      
        15    0.0000E+00  1.0000E+00
 breakpoint       2 :     86400
 Substance                    2          11
 boundary     Cl          Tracer      
        15    1.0000E+00 -9.9900E+02

 ====> input item completed <==== 



 BLOCKED per ITEM:
 Input BOUNDARIES nr:    1 is BOUNDARIES nr:   16 with ID  : Precipita_6         

 CONCENTRATIONs within the item blocks:
 Input CONCENTR.  nr:    1 is CONCENTR.  nr:    2 with ID  : Cl                  
 Input CONCENTR.  nr:    2 is CONCENTR.  nr:   11 with ID  : Tracer              
 Absolute times (YYYY/MM/DD;HH:MM:SS) expected in next time function block.

 Linear interpolation is selected !
 
 Column:  1 contains: Cl                                       Status: used    
 Column:  2 contains: Tracer                                   Status: used    

 DATA grouped in         1 blocks of         2 Substance 

 Number of breakpoints with full data:    2
 breakpoint       1 :         0
 Substance                    2          11
 boundary     Cl          Tracer      
        16    0.0000E+00  1.0000E+00
 breakpoint       2 :     86400
 Substance                    2          11
 boundary     Cl          Tracer      
        16    1.0000E+00 -9.9900E+02

 ====> input item completed <==== 



 BLOCKED per ITEM:
 Input BOUNDARIES nr:    1 is BOUNDARIES nr:   12 with ID  : Drainage_9          

 CONCENTRATIONs within the item blocks:
 Input CONCENTR.  nr:    1 is CONCENTR.  nr:    2 with ID  : Cl                  
 Input CONCENTR.  nr:    2 is CONCENTR.  nr:   11 with ID  : Tracer              
 Absolute times (YYYY/MM/DD;HH:MM:SS) expected in next time function block.

 Linear interpolation is selected !
 
 Column:  1 contains: Cl                                       Status: used    
 Column:  2 contains: Tracer                                   Status: used    

 DATA grouped in         1 blocks of         2 Substance 

 Number of breakpoints with full data:    2
 breakpoint       1 :         0
 Substance                    2          11
 boundary     Cl          Tracer      
        12    0.0000E+00  1.0000E+00
 breakpoint       2 :     86400
 Substance                    2          11
 boundary     Cl          Tracer      
        12    1.0000E+00 -9.9900E+02

 ====> input item completed <==== 



 BLOCKED per ITEM:
 Input BOUNDARIES nr:    1 is BOUNDARIES nr:   13 with ID  : Precipita_9         

 CONCENTRATIONs within the item blocks:
 Input CONCENTR.  nr:    1 is CONCENTR.  nr:    2 with ID  : Cl                  
 Input CONCENTR.  nr:    2 is CONCENTR.  nr:   11 with ID  : Tracer              
 Absolute times (YYYY/MM/DD;HH:MM:SS) expected in next time function block.

 Linear interpolation is selected !
 
 Column:  1 contains: Cl                                       Status: used    
 Column:  2 contains: Tracer                                   Status: used    

 Closing file: B5_bounddata.inc                                                              

 Continuing on file: delwaq.inp                                                                    

 DATA grouped in         1 blocks of         2 Substance 

 Number of breakpoints with full data:    2
 breakpoint       1 :         0
 Substance                    2          11
 boundary     Cl          Tracer      
        13    0.0000E+00  1.0000E+00
 breakpoint       2 :     86400
 Substance                    2          11
 boundary     Cl          Tracer      
        13    1.0000E+00 -9.9900E+02

 ====> input item completed <==== 



 *********************************************************** B L O C K - 5 *****


 No waste loads 

 *********************************************************** B L O C K - 6 *****

 Input constant   nr:    1 is constant   nr:    1 with ID  : ONLY_ACTIVE         
 constant values in this block.
 values         1
 constants    ONLY_ACTIV  
         1    0.0000E+00

 ====> input item completed <==== 



 Total number of constants        :    1

 Total number of parameters       :    0

 Total number of functions        :    0

 Total number of segment functions:    0

 *********************************************************** B L O C K - 7 *****


 Initials for passive substances are in mass/m2

 Option selected for initials    :   1
 Information from the standard input file.
 Second option for initials      :   1
 Constant values without defaults 

 Scale factors:
                 1           2           3           4           5
              1.0000E+00  1.0000E+00  1.0000E+00  1.0000E+00  1.0000E+00
 Unscaled values:
         1    0.0000E+00  0.0000E+00  1.0000E+00  0.0000E+00  0.0000E+00
         2    0.0000E+00  0.0000E+00  1.0000E+00  0.0000E+00  0.0000E+00
         3    0.0000E+00  0.0000E+00  1.0000E+00  0.0000E+00  0.0000E+00
         4    0.0000E+00  0.0000E+00  1.0000E+00  0.0000E+00  0.0000E+00
 Scale factors:
                 6           7           8           9          10
              1.0000E+00  1.0000E+00  1.0000E+00  1.0000E+00  1.0000E+00
 Unscaled values:
         1    0.0000E+00  1.0000E+00  0.0000E+00  0.0000E+00  0.0000E+00
         2    0.0000E+00  1.0000E+00  0.0000E+00  0.0000E+00  0.0000E+00
         3    0.0000E+00  1.0000E+00  0.0000E+00  0.0000E+00  0.0000E+00
         4    0.0000E+00  1.0000E+00  0.0000E+00  0.0000E+00  0.0000E+00
 Scale factors:
                11          12
              1.0000E+00  1.0000E+00
 Unscaled values:
         1    0.0000E+00  0.0000E+00
         2    0.0000E+00  0.0000E+00
         3    0.0000E+00  0.0000E+00
         4    0.0000E+00  0.0000E+00

 *********************************************************** B L O C K - 8 *****



 Option selected for output specification :   1
 Information from the standard input file.

 Specification of monitor output

 Default output for this file

 Specification of grid dump output

 No output for this file

 Specification of history output

 All substances plus extra output variables

 (      0) number of output variables specified

 Number           Identification        Weight variable


 Specification of map output

 All substances plus extra output variables

 (      1) number of output variables specified

 Number           Identification 
       1           Volume              

 Binary history file switched on

 Binary map file switched on

 NEFIS history file switched on

 NetCDF map file switched on

 NetCDF output options:
     NetCDF format:   4
     Deflation level: 0
     Chunksize:       0 - 0 means no chunking
     Shuffling:       OFF

 MONITOR output only totals : no monitor points defined !

 NO HISTORY output : no monitor points defined !

 NO BALANCE output : balance option not active !

 NO BALANCE output : no monitor points defined !

 MONITOR output only totals : no monitor points defined !
 
  Determining the place of the output variables
 
        Volume              ; Using DELWAQ VOLUME
        Volume              ; Using DELWAQ VOLUME

 *********************************************************** B L O C K - 9 *****


 Output operations
Number of periods defined:     0
 

 *********************************************************** B L O C K -10 *****



 Messages presented in this .lst file:

 Number of WARNINGS            :     1
 Number of ERRORS during input :     0
 


 Messages presented including .lsp file:
 Number of WARNINGS            :     2

 Number of ERRORS during input :     0

 Parallel processing with   1 processor(s)

 total real      array space:       3569
 total integer   array space:       2836
 total character array space:       1160
 grand total in 4-byte words:       7565 =   0-GB   0-MB  30-KB 260-Byte.
 Execution stop : 2025/09/09 16:22:34 
