[INDEX LOG] Completed at 2025-08-27T12:54:36.022906
//dell2015/verwaltung/hotline/dokumente/projekte/2024\01\24-00100.docx
//dell2015/verwaltung/hotline/dokumente/projekte/2024\01\24-00104_SEPA_Update.xlsx
//dell2015/verwaltung/hotline/dokumente/projekte/2024\01\24-00108_43415_Schink.docx
//dell2015/verwaltung/hotline/dokumente/projekte/2024\01\24-00109.docx
//dell2015/verwaltung/hotline/dokumente/projekte/2024\01\24-00110.docx
//dell2015/verwaltung/hotline/dokumente/projekte/2024\01\24-00112.docx
//dell2015/verwaltung/hotline/dokumente/projekte/2024\01\24-00113.docx
//dell2015/verwaltung/hotline/dokumente/projekte/2024\01\24-00114.docx
//dell2015/verwaltung/hotline/dokumente/projekte/2024\01\24-00115.docx
//dell2015/verwaltung/hotline/dokumente/projekte/2024\01\24-00116.docx
//dell2015/verwaltung/hotline/dokumente/projekte/2024\01\24-00117.docx
//dell2015/verwaltung/hotline/dokumente/projekte/2024\01\24-00118.docx
//dell2015/verwaltung/hotline/dokumente/projekte/2024\01\24-00121_BleTec.docx
//dell2015/verwaltung/hotline/dokumente/projekte/2024\01\24-00122_Schäfer GmbH.docx
//dell2015/verwaltung/hotline/dokumente/projekte/2024\01\24-00123.docx
//dell2015/verwaltung/hotline/dokumente/projekte/2024\01\24-00125_96700.docx
//dell2015/verwaltung/hotline/dokumente/projekte/2024\01\24-00126.docx
//dell2015/verwaltung/hotline/dokumente/projekte/2024\01\~$-00121_BleTec.docx
//dell2015/verwaltung/hotline/dokumente/projekte/2024\01\24-00119\24-00119.docx
//dell2015/verwaltung/hotline/dokumente/projekte/2024\01\24-00119\24-00119.xlsx
//dell2015/verwaltung/hotline/dokumente/projekte/2024\01\24-00120\24-00120.docx
//dell2015/verwaltung/hotline/dokumente/projekte/2024\01\24-00127\24-00127.docx
//dell2015/verwaltung/hotline/dokumente/projekte/2024\01\24-00127\Beschreibung_Qlikview_Tabellen\ab.csv
//dell2015/verwaltung/hotline/dokumente/projekte/2024\01\24-00127\Beschreibung_Qlikview_Tabellen\ae.csv
//dell2015/verwaltung/hotline/dokumente/projekte/2024\01\24-00127\Beschreibung_Qlikview_Tabellen\artikel.csv
//dell2015/verwaltung/hotline/dokumente/projekte/2024\01\24-00127\Beschreibung_Qlikview_Tabellen\Beschreibung_Qlikview_Tabellen.xlsx
//dell2015/verwaltung/hotline/dokumente/projekte/2024\01\24-00127\Beschreibung_Qlikview_Tabellen\bestand.csv
//dell2015/verwaltung/hotline/dokumente/projekte/2024\01\24-00127\Beschreibung_Qlikview_Tabellen\einkauf.csv
//dell2015/verwaltung/hotline/dokumente/projekte/2024\01\24-00127\Beschreibung_Qlikview_Tabellen\konten.csv
//dell2015/verwaltung/hotline/dokumente/projekte/2024\01\24-00127\Beschreibung_Qlikview_Tabellen\planumsatz.csv
//dell2015/verwaltung/hotline/dokumente/projekte/2024\01\24-00127\Beschreibung_Qlikview_Tabellen\umsatz.csv
//dell2015/verwaltung/hotline/dokumente/projekte/2024\01\24-00134\24-00134.docx
//dell2015/verwaltung/hotline/dokumente/projekte/2024\01\24-00134\24-00134_Entwicklungsdokument zur KeyNr.docx
//dell2015/verwaltung/hotline/dokumente/projekte/2024\02\24-00128.docx
//dell2015/verwaltung/hotline/dokumente/projekte/2024\02\24-00129.docx
//dell2015/verwaltung/hotline/dokumente/projekte/2024\02\24-00131.docx
//dell2015/verwaltung/hotline/dokumente/projekte/2024\02\24-00132.docx
//dell2015/verwaltung/hotline/dokumente/projekte/2024\02\24-00133.docx
//dell2015/verwaltung/hotline/dokumente/projekte/2024\02\24-00136.docx
//dell2015/verwaltung/hotline/dokumente/projekte/2024\02\24-00137.docx
//dell2015/verwaltung/hotline/dokumente/projekte/2024\02\24-00139.docx
//dell2015/verwaltung/hotline/dokumente/projekte/2024\02\24-00140_43811_20240215_Quadrus_01_Artikelbibliothek Skalierung_Ticket#96849.docx
//dell2015/verwaltung/hotline/dokumente/projekte/2024\02\24-00141_43813_20240215_Quadrus_06_Skalierung Produktionsmenge ändern_Ticket#96845.docx
//dell2015/verwaltung/hotline/dokumente/projekte/2024\02\24-00142_43814_20240215_Quadrus_08_Rekla-Kunde Tabulator_Ticket#96865.docx
//dell2015/verwaltung/hotline/dokumente/projekte/2024\02\24-00143.docx
//dell2015/verwaltung/hotline/dokumente/projekte/2024\02\24-00143_für_Nango.docx
//dell2015/verwaltung/hotline/dokumente/projekte/2024\02\24-00147.docx
//dell2015/verwaltung/hotline/dokumente/projekte/2024\02\24-00148.docx
//dell2015/verwaltung/hotline/dokumente/projekte/2024\02\24-00150.docx
//dell2015/verwaltung/hotline/dokumente/projekte/2024\02\Key-Nr__ 24-00131.msg
//dell2015/verwaltung/hotline/dokumente/projekte/2024\02\~$-00139.docx
//dell2015/verwaltung/hotline/dokumente/projekte/2024\02\~$-00147.docx
//dell2015/verwaltung/hotline/dokumente/projekte/2024\02\24-00128\24-00128_Kostenstellen Änderung MA.xlsx
//dell2015/verwaltung/hotline/dokumente/projekte/2024\02\24-00130\24-00130.docx
//dell2015/verwaltung/hotline/dokumente/projekte/2024\02\24-00130\~$-00130.docx
//dell2015/verwaltung/hotline/dokumente/projekte/2024\02\24-00135\24-00135.docx
//dell2015/verwaltung/hotline/dokumente/projekte/2024\02\24-00135\Treeview dynamisch bei Auftragsuebersicht.xml
//dell2015/verwaltung/hotline/dokumente/projekte/2024\02\24-00135\Treeview statisch bei den Einstellungen.xml
//dell2015/verwaltung/hotline/dokumente/projekte/2024\02\24-00138\24-00138_96856.docx
//dell2015/verwaltung/hotline/dokumente/projekte/2024\02\24-00144\24-00144.docx
//dell2015/verwaltung/hotline/dokumente/projekte/2024\02\24-00145\24-00145.docx
//dell2015/verwaltung/hotline/dokumente/projekte/2024\02\24-00146\24-00146.docx
//dell2015/verwaltung/hotline/dokumente/projekte/2024\02\24-00146\44233.docx
//dell2015/verwaltung/hotline/dokumente/projekte/2024\02\24-00149\24-00149.docx
//dell2015/verwaltung/hotline/dokumente/projekte/2024\03\20230828035926_BoeckeltExport.csv
//dell2015/verwaltung/hotline/dokumente/projekte/2024\03\24-00151.docx
//dell2015/verwaltung/hotline/dokumente/projekte/2024\03\24-00152.docx
//dell2015/verwaltung/hotline/dokumente/projekte/2024\03\24-00153.docx
//dell2015/verwaltung/hotline/dokumente/projekte/2024\03\24-00154.docx
//dell2015/verwaltung/hotline/dokumente/projekte/2024\03\24-00155.docx
//dell2015/verwaltung/hotline/dokumente/projekte/2024\03\24-00156.docx
//dell2015/verwaltung/hotline/dokumente/projekte/2024\03\24-00158.docx
//dell2015/verwaltung/hotline/dokumente/projekte/2024\03\24-00159.docx
//dell2015/verwaltung/hotline/dokumente/projekte/2024\03\24-00160.docx
//dell2015/verwaltung/hotline/dokumente/projekte/2024\03\24-00161.docx
//dell2015/verwaltung/hotline/dokumente/projekte/2024\03\24-00162.docx
//dell2015/verwaltung/hotline/dokumente/projekte/2024\03\24-00163.docx
//dell2015/verwaltung/hotline/dokumente/projekte/2024\03\24-00164.docx
//dell2015/verwaltung/hotline/dokumente/projekte/2024\03\24-00165.docx
//dell2015/verwaltung/hotline/dokumente/projekte/2024\03\24-00166.docx
//dell2015/verwaltung/hotline/dokumente/projekte/2024\03\24-00167.docx
//dell2015/verwaltung/hotline/dokumente/projekte/2024\03\24-00168.docx
//dell2015/verwaltung/hotline/dokumente/projekte/2024\03\24-00169.docx
//dell2015/verwaltung/hotline/dokumente/projekte/2024\03\24091810P0012024-09-18H21M36S58.388_20240918_220005_1.xml
//dell2015/verwaltung/hotline/dokumente/projekte/2024\03\BoeckeltArtikelReport_20240306_110002.txt
//dell2015/verwaltung/hotline/dokumente/projekte/2024\03\Chargenrückmeldung it-blech über die maschinenrückmeldung.pdf
//dell2015/verwaltung/hotline/dokumente/projekte/2024\03\Materialexport aus Böckelt zu Radan und IT-Blech.docx
//dell2015/verwaltung/hotline/dokumente/projekte/2024\03\Materialimport DATEIEN VON BÖCKELT LAGER zu Radan und IT-Blech.msg
//dell2015/verwaltung/hotline/dokumente/projekte/2024\03\Restbleche im BöckeltTower definieren_24012022_V001.docx
//dell2015/verwaltung/hotline/dokumente/projekte/2024\03\Restbleche in Böckelt definiert & Restbleche in IT-Blech.msg
//dell2015/verwaltung/hotline/dokumente/projekte/2024\03\Restblechverwaltung-it-blech.pdf
//dell2015/verwaltung/hotline/dokumente/projekte/2024\03\Rückmledung Restblech von Böckelt zu it-blech Variante 1.pdf
//dell2015/verwaltung/hotline/dokumente/projekte/2024\03\Rückmledung Restblech von Böckelt zu it-blech Variante 2_grundlage von trumpf.pdf
//dell2015/verwaltung/hotline/dokumente/projekte/2024\03\Schnittstelle-ASTES-TRUMPF_ITBLech-Radan-Böckelt.docx
//dell2015/verwaltung/hotline/dokumente/projekte/2024\03\Tafelauftrag & XML Austausch zu IT-Blech.msg
//dell2015/verwaltung/hotline/dokumente/projekte/2024\03\WG_ Informationen zur weitere Bearbeitung der Schnittstellen.msg
//dell2015/verwaltung/hotline/dokumente/projekte/2024\03\~$-00151.docx
//dell2015/verwaltung/hotline/dokumente/projekte/2024\03\24-00151\24070910P0012024-07-10H19M17S56.451_20240710_193006.xml
//dell2015/verwaltung/hotline/dokumente/projekte/2024\03\24-00151\CSV -LTO- Lager Inventar.xlsx
//dell2015/verwaltung/hotline/dokumente/projekte/2024\03\24-00151\KST-An-Abstech Verhalten.pdf
//dell2015/verwaltung/hotline/dokumente/projekte/2024\03\24-00157\24-00157.docx
//dell2015/verwaltung/hotline/dokumente/projekte/2024\03\24-00157\AW_ SQL -bei Haslach.msg
//dell2015/verwaltung/hotline/dokumente/projekte/2024\04\24-00170_43862_96903.docx
//dell2015/verwaltung/hotline/dokumente/projekte/2024\04\24-00171_43841_20240215_Quadrus_05_Lieferschein DESADV_Ticket#96710.docx
//dell2015/verwaltung/hotline/dokumente/projekte/2024\04\24-00172.docx
//dell2015/verwaltung/hotline/dokumente/projekte/2024\04\24-00173_43019_Ticket#96513.docx
//dell2015/verwaltung/hotline/dokumente/projekte/2024\04\24-00175.docx
//dell2015/verwaltung/hotline/dokumente/projekte/2024\04\24-00176.docx
//dell2015/verwaltung/hotline/dokumente/projekte/2024\04\24-00177.docx
//dell2015/verwaltung/hotline/dokumente/projekte/2024\04\24-00178.docx
//dell2015/verwaltung/hotline/dokumente/projekte/2024\04\24-00179_BleTec.docx
//dell2015/verwaltung/hotline/dokumente/projekte/2024\04\24-00180.docx
//dell2015/verwaltung/hotline/dokumente/projekte/2024\04\24-00182.docx
//dell2015/verwaltung/hotline/dokumente/projekte/2024\04\24-00183.docx
//dell2015/verwaltung/hotline/dokumente/projekte/2024\04\24-00184_20240422_Rabatt.docx
//dell2015/verwaltung/hotline/dokumente/projekte/2024\04\24-00185_44286_Müller - Frammersbach.docx
//dell2015/verwaltung/hotline/dokumente/projekte/2024\04\24-00186_44304_Müller - Frammersbach.docx
//dell2015/verwaltung/hotline/dokumente/projekte/2024\04\24-00187.docx
//dell2015/verwaltung/hotline/dokumente/projekte/2024\04\24-00188_20240426_CSV_Schnittstelle_Datumsformat.docx
//dell2015/verwaltung/hotline/dokumente/projekte/2024\04\CSV-Import.msg
//dell2015/verwaltung/hotline/dokumente/projekte/2024\04\24-00172\24-00172 Lagerkorrektur.xlsx
//dell2015/verwaltung/hotline/dokumente/projekte/2024\04\24-00172\44125_Mappe1.xlsx
//dell2015/verwaltung/hotline/dokumente/projekte/2024\04\24-00174\24-00174_43839_Ticket#96842.docx
//dell2015/verwaltung/hotline/dokumente/projekte/2024\04\24-00177\20-05-12j.csv
//dell2015/verwaltung/hotline/dokumente/projekte/2024\04\24-00177\20-05-12l.csv
//dell2015/verwaltung/hotline/dokumente/projekte/2024\04\24-00177\20-05-19j.csv
//dell2015/verwaltung/hotline/dokumente/projekte/2024\04\24-00177\20-05-19l.csv
//dell2015/verwaltung/hotline/dokumente/projekte/2024\04\24-00177\20-05-26j.csv
//dell2015/verwaltung/hotline/dokumente/projekte/2024\04\24-00177\20-05-26l.csv
//dell2015/verwaltung/hotline/dokumente/projekte/2024\04\24-00177\23-05-16j.csv
//dell2015/verwaltung/hotline/dokumente/projekte/2024\04\24-00177\23-05-16l.csv
//dell2015/verwaltung/hotline/dokumente/projekte/2024\04\24-00177\23-05-23j.csv
//dell2015/verwaltung/hotline/dokumente/projekte/2024\04\24-00177\23-05-23l.csv
//dell2015/verwaltung/hotline/dokumente/projekte/2024\04\24-00177\23-05-30j.csv
//dell2015/verwaltung/hotline/dokumente/projekte/2024\04\24-00177\23-05-30l.csv
//dell2015/verwaltung/hotline/dokumente/projekte/2024\04\24-00177\24-03-26j.csv
//dell2015/verwaltung/hotline/dokumente/projekte/2024\04\24-00177\24-03-26l.csv
//dell2015/verwaltung/hotline/dokumente/projekte/2024\04\24-00177\24-04-03j.csv
//dell2015/verwaltung/hotline/dokumente/projekte/2024\04\24-00177\24-04-03l.csv
//dell2015/verwaltung/hotline/dokumente/projekte/2024\04\24-00177\24-04-09j.csv
//dell2015/verwaltung/hotline/dokumente/projekte/2024\04\24-00177\24-04-09l.csv
//dell2015/verwaltung/hotline/dokumente/projekte/2024\04\24-00177\24-04-16j.csv
//dell2015/verwaltung/hotline/dokumente/projekte/2024\04\24-00177\24-04-16l.csv
//dell2015/verwaltung/hotline/dokumente/projekte/2024\04\24-00181\24-00181.docx
//dell2015/verwaltung/hotline/dokumente/projekte/2024\04\24-00188\2024_07_12.xlsx
//dell2015/verwaltung/hotline/dokumente/projekte/2024\04\24-00188\24-07-16j.csv
//dell2015/verwaltung/hotline/dokumente/projekte/2024\04\24-00188\24-07-16l.csv
//dell2015/verwaltung/hotline/dokumente/projekte/2024\04\24-00189\24-00189.docx
//dell2015/verwaltung/hotline/dokumente/projekte/2024\05\20240627_BleTec_BG Import XML.docx
//dell2015/verwaltung/hotline/dokumente/projekte/2024\05\24-00190.docx
//dell2015/verwaltung/hotline/dokumente/projekte/2024\05\24-00192.docx
//dell2015/verwaltung/hotline/dokumente/projekte/2024\05\24-00193.docx
//dell2015/verwaltung/hotline/dokumente/projekte/2024\05\24-00194.docx
//dell2015/verwaltung/hotline/dokumente/projekte/2024\05\24-00196_36534_img GmbH & Co KG.docx
//dell2015/verwaltung/hotline/dokumente/projekte/2024\05\24-00198_961064.docx
//dell2015/verwaltung/hotline/dokumente/projekte/2024\05\24-00199_961029.docx
//dell2015/verwaltung/hotline/dokumente/projekte/2024\05\24-00200_96601.docx
//dell2015/verwaltung/hotline/dokumente/projekte/2024\05\24-00201_96571.docx
//dell2015/verwaltung/hotline/dokumente/projekte/2024\05\24-00202_96199.docx
//dell2015/verwaltung/hotline/dokumente/projekte/2024\05\24-00203_96910.docx
//dell2015/verwaltung/hotline/dokumente/projekte/2024\05\24-00204.docx
//dell2015/verwaltung/hotline/dokumente/projekte/2024\05\24-00205.docx
//dell2015/verwaltung/hotline/dokumente/projekte/2024\05\24-00206_961049.docx
//dell2015/verwaltung/hotline/dokumente/projekte/2024\05\24-00208.docx
//dell2015/verwaltung/hotline/dokumente/projekte/2024\05\24-00209.docx
//dell2015/verwaltung/hotline/dokumente/projekte/2024\05\24-00210.docx
//dell2015/verwaltung/hotline/dokumente/projekte/2024\05\24-00211.docx
//dell2015/verwaltung/hotline/dokumente/projekte/2024\05\24-00212.docx
//dell2015/verwaltung/hotline/dokumente/projekte/2024\05\24-00213_Haslach.docx
//dell2015/verwaltung/hotline/dokumente/projekte/2024\05\24-00214.docx
//dell2015/verwaltung/hotline/dokumente/projekte/2024\05\24-00215.docx
//dell2015/verwaltung/hotline/dokumente/projekte/2024\05\24-00216.docx
//dell2015/verwaltung/hotline/dokumente/projekte/2024\05\24-00224.docx
//dell2015/verwaltung/hotline/dokumente/projekte/2024\05\24-00228.docx
//dell2015/verwaltung/hotline/dokumente/projekte/2024\05\24-00230.docx
//dell2015/verwaltung/hotline/dokumente/projekte/2024\05\Neue Key-Nr_.msg
//dell2015/verwaltung/hotline/dokumente/projekte/2024\05\WG_ QR-Code erweitern_ neue Key.msg
//dell2015/verwaltung/hotline/dokumente/projekte/2024\05\~$-00196_36534_img GmbH & Co KG.docx
//dell2015/verwaltung/hotline/dokumente/projekte/2024\05\24-00195\24-00195.docx
//dell2015/verwaltung/hotline/dokumente/projekte/2024\05\24-00196\Bestandsbewertung\01 Bestandsbewertung mit Bewertungsvereinfachungsverfahren.pdf
//dell2015/verwaltung/hotline/dokumente/projekte/2024\05\24-00196\Bestandsbewertung\02 Permanente Durchschnittsbewertung für Lagerbestände.pdf
//dell2015/verwaltung/hotline/dokumente/projekte/2024\05\24-00196\Bestandsbewertung\03 Bestandsbewertung nach dem gewogenen Durchschnitt.pdf
//dell2015/verwaltung/hotline/dokumente/projekte/2024\05\24-00196\Bestandsbewertung\04 LIFO Methode Wichtiges Verfahren zur Bestandsbewertung.pdf
//dell2015/verwaltung/hotline/dokumente/projekte/2024\05\24-00196\Bestandsbewertung\05 FIFO Verfahren Bestandsbewertung leicht gemacht.pdf
//dell2015/verwaltung/hotline/dokumente/projekte/2024\05\24-00196\Bestandsbewertung\06 HIFO-Verfahren Einfach erklärt mit Rechenbeispiel.pdf
//dell2015/verwaltung/hotline/dokumente/projekte/2024\05\24-00196\Bestandsbewertung\07 LOFO-Verfahren So funktioniert Lowest in, first out .pdf
//dell2015/verwaltung/hotline/dokumente/projekte/2024\05\24-00196\Bestandsbewertung\§ 256 HGB - Einzelnorm.pdf
//dell2015/verwaltung/hotline/dokumente/projekte/2024\05\24-00196\Bestandsbewertung\§ 6 EStG - Einzelnorm.pdf
//dell2015/verwaltung/hotline/dokumente/projekte/2024\05\24-00197\24-00197.docx
//dell2015/verwaltung/hotline/dokumente/projekte/2024\05\24-00197\24-00197_LF_Spezifikation_DB-Schnittstelle_06_2022.pdf
//dell2015/verwaltung/hotline/dokumente/projekte/2024\05\24-00197\24-00197_Pruefung.docx
//dell2015/verwaltung/hotline/dokumente/projekte/2024\05\24-00206\24-00206_961049.docx
//dell2015/verwaltung/hotline/dokumente/projekte/2024\05\24-00207\24-00207.docx
//dell2015/verwaltung/hotline/dokumente/projekte/2024\05\24-00220\24-00220.docx
//dell2015/verwaltung/hotline/dokumente/projekte/2024\06\24-00217.docx
//dell2015/verwaltung/hotline/dokumente/projekte/2024\06\24-00218.docx
//dell2015/verwaltung/hotline/dokumente/projekte/2024\06\24-00219.docx
//dell2015/verwaltung/hotline/dokumente/projekte/2024\06\24-00223.docx
//dell2015/verwaltung/hotline/dokumente/projekte/2024\06\24-00225.docx
//dell2015/verwaltung/hotline/dokumente/projekte/2024\06\24-00226_961152.docx
//dell2015/verwaltung/hotline/dokumente/projekte/2024\06\24-00227_961147.docx
//dell2015/verwaltung/hotline/dokumente/projekte/2024\06\24-00229.docx
//dell2015/verwaltung/hotline/dokumente/projekte/2024\06\24-00231.docx
//dell2015/verwaltung/hotline/dokumente/projekte/2024\06\24-00221\24-00221.docx
//dell2015/verwaltung/hotline/dokumente/projekte/2024\06\24-00221\Manual_IT-Blech Baugruppen-Importschnittstelle XML.pdf
//dell2015/verwaltung/hotline/dokumente/projekte/2024\06\24-00222\24-00222.docx
//dell2015/verwaltung/hotline/dokumente/projekte/2024\07\24-00191.docx
//dell2015/verwaltung/hotline/dokumente/projekte/2024\07\24-00233.docx
//dell2015/verwaltung/hotline/dokumente/projekte/2024\07\24-00234.docx
//dell2015/verwaltung/hotline/dokumente/projekte/2024\07\24-00235.docx
//dell2015/verwaltung/hotline/dokumente/projekte/2024\07\24-00236.docx
//dell2015/verwaltung/hotline/dokumente/projekte/2024\07\24-00237.docx
//dell2015/verwaltung/hotline/dokumente/projekte/2024\07\24-00238_20240708_Blekotec_02_Terminverschiebung.docx
//dell2015/verwaltung/hotline/dokumente/projekte/2024\07\24-00239_20240708_Blekotec_03_Baugruppen_Kundensuche.docx
//dell2015/verwaltung/hotline/dokumente/projekte/2024\07\24-00240_20240708_Blekotec_05_Schnittstellenprotokoll.docx
//dell2015/verwaltung/hotline/dokumente/projekte/2024\07\24-00241_20240708_Blekotec_06_Produktionsleitstand.docx
//dell2015/verwaltung/hotline/dokumente/projekte/2024\07\24-00242.docx
//dell2015/verwaltung/hotline/dokumente/projekte/2024\07\24-00243.docx
//dell2015/verwaltung/hotline/dokumente/projekte/2024\07\24-00247.docx
//dell2015/verwaltung/hotline/dokumente/projekte/2024\07\24-00248.docx
//dell2015/verwaltung/hotline/dokumente/projekte/2024\07\24-00235\B1706.xml
//dell2015/verwaltung/hotline/dokumente/projekte/2024\07\24-00235\B1706_SetupPlan.pdf
//dell2015/verwaltung/hotline/dokumente/projekte/2024\07\24-00235\jobImage.png
//dell2015/verwaltung/hotline/dokumente/projekte/2024\07\24-00244\24-00244.docx
//dell2015/verwaltung/hotline/dokumente/projekte/2024\07\24-00244\AMADA_Schnittstelle-CSV.pdf
//dell2015/verwaltung/hotline/dokumente/projekte/2024\07\24-00244\Ausgabe.CSV
//dell2015/verwaltung/hotline/dokumente/projekte/2024\07\24-00244\Eingabe.CSV
//dell2015/verwaltung/hotline/dokumente/projekte/2024\07\24-00245\24-00245.docx
//dell2015/verwaltung/hotline/dokumente/projekte/2024\08\20240826_MON-TEC_Auftragsimport.docx
//dell2015/verwaltung/hotline/dokumente/projekte/2024\08\24-00249.docx
//dell2015/verwaltung/hotline/dokumente/projekte/2024\08\24-00250.docx
//dell2015/verwaltung/hotline/dokumente/projekte/2024\08\24-00251.docx
//dell2015/verwaltung/hotline/dokumente/projekte/2024\08\24-00253.docx
//dell2015/verwaltung/hotline/dokumente/projekte/2024\08\24-00254.docx
//dell2015/verwaltung/hotline/dokumente/projekte/2024\08\24-00255.docx
//dell2015/verwaltung/hotline/dokumente/projekte/2024\08\24-00256.docx
//dell2015/verwaltung/hotline/dokumente/projekte/2024\08\24-00257.docx
//dell2015/verwaltung/hotline/dokumente/projekte/2024\08\24-00259_20240829_MON-TEC_LRExport.docx
//dell2015/verwaltung/hotline/dokumente/projekte/2024\08\24-00260.docx
//dell2015/verwaltung/hotline/dokumente/projekte/2024\08\24-00261.docx
//dell2015/verwaltung/hotline/dokumente/projekte/2024\08\24-00250\44535_Warenbegleitschein Auftrag_Entwurf.docx
//dell2015/verwaltung/hotline/dokumente/projekte/2024\08\24-00250\44535_Warenbegleitschein Lieferschein_Entwurf.docx
//dell2015/verwaltung/hotline/dokumente/projekte/2024\08\24-00252\24-00252.docx
//dell2015/verwaltung/hotline/dokumente/projekte/2024\08\24-00252\Entwicklungsdokument zur KeyNr 24-00252.docx
//dell2015/verwaltung/hotline/dokumente/projekte/2024\09\24-00262_45162_B & S_Performace-BG.docx
//dell2015/verwaltung/hotline/dokumente/projekte/2024\09\24-00263.docx
//dell2015/verwaltung/hotline/dokumente/projekte/2024\09\24-00264.docx
//dell2015/verwaltung/hotline/dokumente/projekte/2024\09\24-00265.docx
//dell2015/verwaltung/hotline/dokumente/projekte/2024\09\24-00266.docx
//dell2015/verwaltung/hotline/dokumente/projekte/2024\09\24-00267.docx
//dell2015/verwaltung/hotline/dokumente/projekte/2024\09\24-00268.docx
//dell2015/verwaltung/hotline/dokumente/projekte/2024\09\24-00269.docx
//dell2015/verwaltung/hotline/dokumente/projekte/2024\09\24-00270.docx
//dell2015/verwaltung/hotline/dokumente/projekte/2024\09\24-00272.docx
//dell2015/verwaltung/hotline/dokumente/projekte/2024\09\24-00273.docx
//dell2015/verwaltung/hotline/dokumente/projekte/2024\09\24-00275.docx
//dell2015/verwaltung/hotline/dokumente/projekte/2024\09\24-00277.docx
//dell2015/verwaltung/hotline/dokumente/projekte/2024\09\24-00278.docx
//dell2015/verwaltung/hotline/dokumente/projekte/2024\09\24-00279.docx
//dell2015/verwaltung/hotline/dokumente/projekte/2024\09\24-00280.docx
//dell2015/verwaltung/hotline/dokumente/projekte/2024\09\24-00281.docx
//dell2015/verwaltung/hotline/dokumente/projekte/2024\09\Bestellbestätigung-30005.pdf
//dell2015/verwaltung/hotline/dokumente/projekte/2024\09\Proformarechnung-30005.pdf
//dell2015/verwaltung/hotline/dokumente/projekte/2024\09\shop_26.xml
//dell2015/verwaltung/hotline/dokumente/projekte/2024\09\24-00268\Bestellbestätigung-30005.pdf
//dell2015/verwaltung/hotline/dokumente/projekte/2024\09\24-00268\Bestellung 238402 gem_ Angebot 24-07975.msg
//dell2015/verwaltung/hotline/dokumente/projekte/2024\09\24-00268\Proformarechnung-30005.pdf
//dell2015/verwaltung/hotline/dokumente/projekte/2024\09\24-00268\shop_26.xml
//dell2015/verwaltung/hotline/dokumente/projekte/2024\09\24-00271\20250423_RE_ Issues with Honeywell EDA56 Device and Scan Engine Settings.msg
//dell2015/verwaltung/hotline/dokumente/projekte/2024\09\24-00271\20250613_Re_ Issues with Honeywell EDA56 Device and Scan Engine Settings.msg
//dell2015/verwaltung/hotline/dokumente/projekte/2024\09\24-00271\24-00271_AndroidHoneywellRequirements.docx
//dell2015/verwaltung/hotline/dokumente/projekte/2024\09\24-00271\24-00271_Bletec_EDA56.docx
//dell2015/verwaltung/hotline/dokumente/projekte/2024\09\24-00271\Re_ Issues with Honeywell EDA56 Device and Scan Engine Settings.msg
//dell2015/verwaltung/hotline/dokumente/projekte/2024\09\24-00274\24-00274.docx
//dell2015/verwaltung/hotline/dokumente/projekte/2024\09\24-00274\combit_ Weiterführende Informationen zur Verwendung von List & Label in einer _NET Anwendung.msg
//dell2015/verwaltung/hotline/dokumente/projekte/2024\09\24-00274\Protokoll JK Teams Workshop Combit 29.08.24.docx
//dell2015/verwaltung/hotline/dokumente/projekte/2024\09\24-00274\Support Case Nr_ _W202503040006__ Erhalt Ihrer Nachricht im combit Supportportal.msg
//dell2015/verwaltung/hotline/dokumente/projekte/2024\09\24-00276\Img_Bestandsbewertung_Fifo_Aufwand.docx
//dell2015/verwaltung/hotline/dokumente/projekte/2024\09\24-00276\Img_Bestandsbewertung_Fifo_Aufwand.pdf
//dell2015/verwaltung/hotline/dokumente/projekte/2024\09\24-00276\Archiv\Img_Bestandsbewertung_Fifo_Aufwand.pdf
//dell2015/verwaltung/hotline/dokumente/projekte/2024\09\24-00280\sheetPrice.csv
//dell2015/verwaltung/hotline/dokumente/projekte/2024\09\24-00280\sheetPrice.txt
//dell2015/verwaltung/hotline/dokumente/projekte/2024\10\24-00282.docx
//dell2015/verwaltung/hotline/dokumente/projekte/2024\10\24-00283.docx
//dell2015/verwaltung/hotline/dokumente/projekte/2024\10\24-00285.docx
//dell2015/verwaltung/hotline/dokumente/projekte/2024\10\24-00287.docx
//dell2015/verwaltung/hotline/dokumente/projekte/2024\10\24-00288.docx
//dell2015/verwaltung/hotline/dokumente/projekte/2024\10\24-00289.docx
//dell2015/verwaltung/hotline/dokumente/projekte/2024\10\24-00290.docx
//dell2015/verwaltung/hotline/dokumente/projekte/2024\10\24-00291.docx
//dell2015/verwaltung/hotline/dokumente/projekte/2024\10\24-00292.docx
//dell2015/verwaltung/hotline/dokumente/projekte/2024\10\24-00294.docx
//dell2015/verwaltung/hotline/dokumente/projekte/2024\10\24-00295.docx
//dell2015/verwaltung/hotline/dokumente/projekte/2024\10\24-00296.docx
//dell2015/verwaltung/hotline/dokumente/projekte/2024\10\24-00297.docx
//dell2015/verwaltung/hotline/dokumente/projekte/2024\10\24-00298_45600_Mon-Tec.docx
//dell2015/verwaltung/hotline/dokumente/projekte/2024\10\24-00284\24-00284.docx
//dell2015/verwaltung/hotline/dokumente/projekte/2024\10\24-00286\24-00286.docx
//dell2015/verwaltung/hotline/dokumente/projekte/2024\10\24-00286\24-00286_Vorbereitung_Installationsroutine.docx
//dell2015/verwaltung/hotline/dokumente/projekte/2024\10\24-00286\24_00286_test.docx
//dell2015/verwaltung/hotline/dokumente/projekte/2024\10\24-00289\24-00389_AW_ AW_ Erweiterung XML Schnittstelle Artikelbeschreibung.msg
//dell2015/verwaltung/hotline/dokumente/projekte/2024\10\24-00289\Angebots-Nr 24-08440-Aus IT-Blech.pdf
//dell2015/verwaltung/hotline/dokumente/projekte/2024\10\24-00289\Angebot_1011, dass aus dem Web-Shop-WSi erzeugt wird.pdf
//dell2015/verwaltung/hotline/dokumente/projekte/2024\10\24-00289\AW_ XML-Auftrag Schnittstelle.msg
//dell2015/verwaltung/hotline/dokumente/projekte/2024\10\24-00293\24-00293_Pohl-Dietz-GmbH_Intuscom_neu-parametrische-dateien.docx
//dell2015/verwaltung/hotline/dokumente/projekte/2024\11\24-00299.docx
//dell2015/verwaltung/hotline/dokumente/projekte/2024\11\24-00300_45613_SM Blechverarbeitungs GmbH.docx
//dell2015/verwaltung/hotline/dokumente/projekte/2024\11\24-00301.docx
//dell2015/verwaltung/hotline/dokumente/projekte/2024\11\24-00302.docx
//dell2015/verwaltung/hotline/dokumente/projekte/2024\11\24-00305_45668_Müller-Frammersbach.docx
//dell2015/verwaltung/hotline/dokumente/projekte/2024\11\24-00307.docx
//dell2015/verwaltung/hotline/dokumente/projekte/2024\11\24-00308.docx
//dell2015/verwaltung/hotline/dokumente/projekte/2024\11\24-00303\24-00303_45716_system7 Metal.docx
//dell2015/verwaltung/hotline/dokumente/projekte/2024\11\24-00304\24-00304_Stanitech.docx
//dell2015/verwaltung/hotline/dokumente/projekte/2024\11\24-00304\Export_ORDERS_EDIFACT_Doku.pdf
//dell2015/verwaltung/hotline/dokumente/projekte/2024\11\24-00304\GRIMME Lieferantenportal_EDI über GDP.pdf
//dell2015/verwaltung/hotline/dokumente/projekte/2024\11\24-00304\Import_ORDRSP_EDIFACT_Doku_neu.pdf
//dell2015/verwaltung/hotline/dokumente/projekte/2024\11\24-00304\IT-Blech-EDI.pdf
//dell2015/verwaltung/hotline/dokumente/projekte/2024\11\24-00304\Stanitech Termin 2024-11-21 V1.0 CEI.pdf
//dell2015/verwaltung/hotline/dokumente/projekte/2024\11\24-00306\24-00306.docx
//dell2015/verwaltung/hotline/dokumente/projekte/2024\12\24-00309_BleTec.docx
//dell2015/verwaltung/hotline/dokumente/projekte/2024\12\24-00310.docx
//dell2015/verwaltung/hotline/dokumente/projekte/2024\12\24-00311_45816.docx
//dell2015/verwaltung/hotline/dokumente/projekte/2024\12\Test.docx
