[INDEX LOG] Completed at 2025-09-04T19:54:31.081562
e:/text/test\2021-12-08-Transforming-data-into-insights.md
e:/text/test\2021-12-11-Data-and-gut-instinct.md
e:/text/test\2021-12-11-Origins-of-the-data-analysis-process.md
e:/text/test\2021-12-11-Understanding-data-ecosystem.md
e:/text/test\2021-12-16-Thinking-about-analytical-thinking.md
e:/text/test\2021-12-19-The-wonderful-world-of-data.md
e:/text/test\2021-12-25-Outlining-the-data-analysis-process.md
e:/text/test\2021-12-25-The-data-analysis-process-and-this-program-Coursera.md
e:/text/test\2021-12-27-Mastering-spreadsheet-basics.md
e:/text/test\2021-12-27-Structured-Query-Language-(SQL).md
e:/text/test\2021-12-28-Data-analyst-job-opportunities.md
e:/text/test\2021-12-28-Data-visualization.md
e:/text/test\2021-12-28-The-importance-of-fair-business-decisions.md
e:/text/test\2021-12-29-Exploring-your-next-job.md
e:/text/test\2023-09-01 MST121 Using Mathematics Chapter A2 Lines and circles.pdf
e:/text/test\2023-09-01 MST121 Using Mathematics Chapter A3 Functions.pdf
e:/text/test\2023-09-05 MST121 Using Mathematics Starting points.pdf
e:/text/test\2023-09-15 MST121 Using Mathematics Computer Book A.pdf
e:/text/test\2023-09-25 MST121 Using Mathematics Chapter A1 Sequences.pdf
e:/text/test\2023-09-25 MST121 Using Mathematics Exercise Book A.pdf
e:/text/test\DAC1-The-data-analysis-process.pdf
e:/text/test\SQL-Guide-Getting-started.md
e:/text/test\images\2010-01-Jan\Dieburg\2010-01-04_18-30-07-img_289.jpeg
e:/text/test\images\2010-01-Jan\Dieburg\2010-01-04_18-41-28-img_293.jpeg
e:/text/test\images\2010-06-Jun\London\2010-06-25_19-46-18-img_1027.jpeg
e:/text/test\images\2010-06-Jun\London\2010-06-25_19-50-17-img_1028.jpeg
e:/text/test\images\2010-06-Jun\London\2010-06-25_19-51-59-img_1029.jpeg
e:/text/test\images\2011-02-Feb\Dieburg\2011-02-10_14-05-48-img_1025.jpeg
e:/text/test\images\2011-02-Feb\Dieburg\2011-02-10_14-06-06-img_1026.jpeg
e:/text/test\images\2012-02-Feb\Dieburg\2012-02-22_09-44-18-img_535.jpeg
e:/text/test\images\2012-02-Feb\Dieburg\2012-02-22_10-01-21-img_536.jpeg
e:/text/test\images\2012-02-Feb\Dieburg\2012-02-22_20-14-03-img_537.jpeg
e:/text/test\images\2012-02-Feb\Dieburg\2012-02-23_12-26-41-img_538.jpeg
e:/text/test\images\2012-02-Feb\Dieburg\2012-02-28_06-53-28-img_539.jpeg
e:/text/test\images\Roßdorf\2024-11-22_07-21-51-img_1805.jpg
e:/text/test\images\Roßdorf\2024-11-22_07-22-14-img_1807.jpg
e:/text/test\images\Roßdorf\2024-11-29_11-21-51-img_1815.jpg
e:/text/test\images\Roßdorf\2024-11-29_11-25-08-img_1816.jpg
e:/text/test\images\Roßdorf\2024-11-29_11-25-54-img_1819.jpg
